<?xml version="1.0" encoding="UTF-8"?>
<!-- Generated by org.testng.reporters.JUnitReportReporter -->
<testsuite skipped="0" hostname="JP-MAINPC" name="script.InvalidLogin" tests="1" failures="0" timestamp="24 Mar 2017 14:57:22 GMT" time="14.460" errors="0">
  <testcase name="invalidLogin" time="14.460" classname="script.InvalidLogin"/>
</testsuite> <!-- script.InvalidLogin -->
