<?xml version="1.0" encoding="UTF-8"?>
<!-- Generated by org.testng.reporters.JUnitReportReporter -->
<testsuite skipped="0" hostname="JP-MAINPC" name="script.ValidLoginLogout" tests="1" failures="0" timestamp="24 Mar 2017 14:57:22 GMT" time="7.100" errors="0">
  <testcase name="testValidLoginLogout" time="7.100" classname="script.ValidLoginLogout"/>
</testsuite> <!-- script.ValidLoginLogout -->
