<?xml version="1.0" encoding="UTF-8"?>
<!-- Generated by org.testng.reporters.JUnitReportReporter -->
<testsuite skipped="0" hostname="JP-MAINPC" name="script.VerifyProductVersion" tests="1" failures="0" timestamp="24 Mar 2017 14:57:22 GMT" time="12.342" errors="0">
  <testcase name="testVerifyProductVersion" time="12.342" classname="script.VerifyProductVersion"/>
</testsuite> <!-- script.VerifyProductVersion -->
